<?xml version="1.0" encoding="UTF-8"?>
<testsuite xmlns:xsi="http://www.w3.org/2001/XMLSchema-instance" xsi:noNamespaceSchemaLocation="https://maven.apache.org/surefire/maven-surefire-plugin/xsd/surefire-test-report.xsd" name="com.cbd.app.AppTest" time="0.023" tests="1" errors="0" skipped="0" failures="0">
  <properties>
    <property name="sun.desktop" value="gnome"/>
    <property name="awt.toolkit" value="sun.awt.X11.XToolkit"/>
    <property name="java.specification.version" value="11"/>
    <property name="sun.cpu.isalist" value=""/>
    <property name="sun.jnu.encoding" value="UTF-8"/>
    <property name="java.class.path" value="/home/danielgomes/Desktop/CBD/Lab-3/ex3/Lab3.3b/ex3.3b/target/test-classes:/home/danielgomes/Desktop/CBD/Lab-3/ex3/Lab3.3b/ex3.3b/target/classes:/home/danielgomes/.m2/repository/junit/junit/4.11/junit-4.11.jar:/home/danielgomes/.m2/repository/org/hamcrest/hamcrest-core/1.3/hamcrest-core-1.3.jar:/home/danielgomes/.m2/repository/com/datastax/cassandra/cassandra-driver-core/3.10.2/cassandra-driver-core-3.10.2.jar:/home/danielgomes/.m2/repository/io/netty/netty-handler/4.0.56.Final/netty-handler-4.0.56.Final.jar:/home/danielgomes/.m2/repository/io/netty/netty-buffer/4.0.56.Final/netty-buffer-4.0.56.Final.jar:/home/danielgomes/.m2/repository/io/netty/netty-common/4.0.56.Final/netty-common-4.0.56.Final.jar:/home/danielgomes/.m2/repository/io/netty/netty-transport/4.0.56.Final/netty-transport-4.0.56.Final.jar:/home/danielgomes/.m2/repository/io/netty/netty-codec/4.0.56.Final/netty-codec-4.0.56.Final.jar:/home/danielgomes/.m2/repository/com/google/guava/guava/19.0/guava-19.0.jar:/home/danielgomes/.m2/repository/io/dropwizard/metrics/metrics-core/3.2.2/metrics-core-3.2.2.jar:/home/danielgomes/.m2/repository/org/slf4j/slf4j-api/1.7.25/slf4j-api-1.7.25.jar:/home/danielgomes/.m2/repository/com/github/jnr/jnr-ffi/2.1.7/jnr-ffi-2.1.7.jar:/home/danielgomes/.m2/repository/com/github/jnr/jffi/1.2.16/jffi-1.2.16.jar:/home/danielgomes/.m2/repository/com/github/jnr/jffi/1.2.16/jffi-1.2.16-native.jar:/home/danielgomes/.m2/repository/org/ow2/asm/asm/5.0.3/asm-5.0.3.jar:/home/danielgomes/.m2/repository/org/ow2/asm/asm-commons/5.0.3/asm-commons-5.0.3.jar:/home/danielgomes/.m2/repository/org/ow2/asm/asm-analysis/5.0.3/asm-analysis-5.0.3.jar:/home/danielgomes/.m2/repository/org/ow2/asm/asm-tree/5.0.3/asm-tree-5.0.3.jar:/home/danielgomes/.m2/repository/org/ow2/asm/asm-util/5.0.3/asm-util-5.0.3.jar:/home/danielgomes/.m2/repository/com/github/jnr/jnr-x86asm/1.0.2/jnr-x86asm-1.0.2.jar:/home/danielgomes/.m2/repository/com/github/jnr/jnr-posix/3.0.44/jnr-posix-3.0.44.jar:/home/danielgomes/.m2/repository/com/github/jnr/jnr-constants/0.9.9/jnr-constants-0.9.9.jar:/home/danielgomes/.m2/repository/com/fasterxml/jackson/core/jackson-databind/2.7.9.3/jackson-databind-2.7.9.3.jar:/home/danielgomes/.m2/repository/com/fasterxml/jackson/core/jackson-annotations/2.7.0/jackson-annotations-2.7.0.jar:/home/danielgomes/.m2/repository/com/fasterxml/jackson/core/jackson-core/2.7.9/jackson-core-2.7.9.jar:"/>
    <property name="java.vm.vendor" value="Oracle Corporation"/>
    <property name="sun.arch.data.model" value="64"/>
    <property name="java.vendor.url" value="https://openjdk.java.net/"/>
    <property name="user.timezone" value=""/>
    <property name="java.vm.specification.version" value="11"/>
    <property name="os.name" value="Linux"/>
    <property name="sun.java.launcher" value="SUN_STANDARD"/>
    <property name="user.country" value="US"/>
    <property name="sun.boot.library.path" value="/usr/lib/jvm/jdk-11.0.8/lib"/>
    <property name="sun.java.command" value="/home/danielgomes/Desktop/CBD/Lab-3/ex3/Lab3.3b/ex3.3b/target/surefire/surefirebooter999404156349356421.jar /home/danielgomes/Desktop/CBD/Lab-3/ex3/Lab3.3b/ex3.3b/target/surefire 2020-12-27T12-16-37_357-jvmRun1 surefire8313879372207127779tmp surefire_09252138062801980320tmp"/>
    <property name="jdk.debug" value="release"/>
    <property name="surefire.test.class.path" value="/home/danielgomes/Desktop/CBD/Lab-3/ex3/Lab3.3b/ex3.3b/target/test-classes:/home/danielgomes/Desktop/CBD/Lab-3/ex3/Lab3.3b/ex3.3b/target/classes:/home/danielgomes/.m2/repository/junit/junit/4.11/junit-4.11.jar:/home/danielgomes/.m2/repository/org/hamcrest/hamcrest-core/1.3/hamcrest-core-1.3.jar:/home/danielgomes/.m2/repository/com/datastax/cassandra/cassandra-driver-core/3.10.2/cassandra-driver-core-3.10.2.jar:/home/danielgomes/.m2/repository/io/netty/netty-handler/4.0.56.Final/netty-handler-4.0.56.Final.jar:/home/danielgomes/.m2/repository/io/netty/netty-buffer/4.0.56.Final/netty-buffer-4.0.56.Final.jar:/home/danielgomes/.m2/repository/io/netty/netty-common/4.0.56.Final/netty-common-4.0.56.Final.jar:/home/danielgomes/.m2/repository/io/netty/netty-transport/4.0.56.Final/netty-transport-4.0.56.Final.jar:/home/danielgomes/.m2/repository/io/netty/netty-codec/4.0.56.Final/netty-codec-4.0.56.Final.jar:/home/danielgomes/.m2/repository/com/google/guava/guava/19.0/guava-19.0.jar:/home/danielgomes/.m2/repository/io/dropwizard/metrics/metrics-core/3.2.2/metrics-core-3.2.2.jar:/home/danielgomes/.m2/repository/org/slf4j/slf4j-api/1.7.25/slf4j-api-1.7.25.jar:/home/danielgomes/.m2/repository/com/github/jnr/jnr-ffi/2.1.7/jnr-ffi-2.1.7.jar:/home/danielgomes/.m2/repository/com/github/jnr/jffi/1.2.16/jffi-1.2.16.jar:/home/danielgomes/.m2/repository/com/github/jnr/jffi/1.2.16/jffi-1.2.16-native.jar:/home/danielgomes/.m2/repository/org/ow2/asm/asm/5.0.3/asm-5.0.3.jar:/home/danielgomes/.m2/repository/org/ow2/asm/asm-commons/5.0.3/asm-commons-5.0.3.jar:/home/danielgomes/.m2/repository/org/ow2/asm/asm-analysis/5.0.3/asm-analysis-5.0.3.jar:/home/danielgomes/.m2/repository/org/ow2/asm/asm-tree/5.0.3/asm-tree-5.0.3.jar:/home/danielgomes/.m2/repository/org/ow2/asm/asm-util/5.0.3/asm-util-5.0.3.jar:/home/danielgomes/.m2/repository/com/github/jnr/jnr-x86asm/1.0.2/jnr-x86asm-1.0.2.jar:/home/danielgomes/.m2/repository/com/github/jnr/jnr-posix/3.0.44/jnr-posix-3.0.44.jar:/home/danielgomes/.m2/repository/com/github/jnr/jnr-constants/0.9.9/jnr-constants-0.9.9.jar:/home/danielgomes/.m2/repository/com/fasterxml/jackson/core/jackson-databind/2.7.9.3/jackson-databind-2.7.9.3.jar:/home/danielgomes/.m2/repository/com/fasterxml/jackson/core/jackson-annotations/2.7.0/jackson-annotations-2.7.0.jar:/home/danielgomes/.m2/repository/com/fasterxml/jackson/core/jackson-core/2.7.9/jackson-core-2.7.9.jar:"/>
    <property name="sun.cpu.endian" value="little"/>
    <property name="user.home" value="/home/danielgomes"/>
    <property name="user.language" value="en"/>
    <property name="java.specification.vendor" value="Oracle Corporation"/>
    <property name="java.version.date" value="2020-07-14"/>
    <property name="java.home" value="/usr/lib/jvm/jdk-11.0.8"/>
    <property name="file.separator" value="/"/>
    <property name="basedir" value="/home/danielgomes/Desktop/CBD/Lab-3/ex3/Lab3.3b/ex3.3b"/>
    <property name="java.vm.compressedOopsMode" value="Zero based"/>
    <property name="line.separator" value="&#10;"/>
    <property name="java.specification.name" value="Java Platform API Specification"/>
    <property name="java.vm.specification.vendor" value="Oracle Corporation"/>
    <property name="java.awt.graphicsenv" value="sun.awt.X11GraphicsEnvironment"/>
    <property name="surefire.real.class.path" value="/home/danielgomes/Desktop/CBD/Lab-3/ex3/Lab3.3b/ex3.3b/target/surefire/surefirebooter999404156349356421.jar"/>
    <property name="sun.management.compiler" value="HotSpot 64-Bit Tiered Compilers"/>
    <property name="java.runtime.version" value="11.0.8+10-LTS"/>
    <property name="user.name" value="danielgomes"/>
    <property name="path.separator" value=":"/>
    <property name="os.version" value="5.4.0-58-generic"/>
    <property name="java.runtime.name" value="Java(TM) SE Runtime Environment"/>
    <property name="file.encoding" value="UTF-8"/>
    <property name="java.vm.name" value="Java HotSpot(TM) 64-Bit Server VM"/>
    <property name="java.vendor.version" value="18.9"/>
    <property name="localRepository" value="/home/danielgomes/.m2/repository"/>
    <property name="java.vendor.url.bug" value="https://bugreport.java.com/bugreport/"/>
    <property name="java.io.tmpdir" value="/tmp"/>
    <property name="java.version" value="11.0.8"/>
    <property name="user.dir" value="/home/danielgomes/Desktop/CBD/Lab-3/ex3/Lab3.3b/ex3.3b"/>
    <property name="os.arch" value="amd64"/>
    <property name="java.vm.specification.name" value="Java Virtual Machine Specification"/>
    <property name="java.awt.printerjob" value="sun.print.PSPrinterJob"/>
    <property name="sun.os.patch.level" value="unknown"/>
    <property name="java.library.path" value="/usr/java/packages/lib:/usr/lib64:/lib64:/lib:/usr/lib"/>
    <property name="java.vendor" value="Oracle Corporation"/>
    <property name="java.vm.info" value="mixed mode"/>
    <property name="java.vm.version" value="11.0.8+10-LTS"/>
    <property name="sun.io.unicode.encoding" value="UnicodeLittle"/>
    <property name="java.class.version" value="55.0"/>
  </properties>
  <testcase name="shouldAnswerWithTrue" classname="com.cbd.app.AppTest" time="0.002"/>
</testsuite>